<?xml version="1.0" encoding="UTF-8"?>
<!-- Generated by org.testng.reporters.JUnitXMLReporter -->
<testsuite ignored="0" hostname="DESKTOP-TF5IFJL" failures="0" tests="4" name="Default test" time="28.636" errors="0" timestamp="2022-04-20T15:19:31 IST">
  <testcase classname="TestCases.LoginPageTest" name="validateKiteLogoTest" time="0.13"/>
  <testcase classname="TestCases.LoginPageTest" name="validatePageTitleTest" time="0.013"/>
  <testcase classname="TestCases.LoginPageTest" name="validateZerodhaLogoTest" time="0.055"/>
  <testcase classname="TestCases.LoginPageTest" name="zerodhaLoginAccTest" time="6.593"/>
</testsuite> <!-- Default test -->
