<?xml version="1.0" encoding="UTF-8"?>
<!-- Generated by org.testng.reporters.JUnitXMLReporter -->
<testsuite ignored="4" hostname="DESKTOP-TF5IFJL" failures="0" tests="1" name="Test" time="0.085" errors="0" timestamp="2022-04-19T21:58:48 IST">
  <testcase classname="TestCases.GroupTest" name="method1" time="0.015"/>
  <testcase classname="TestCases.GroupTest" name="method5" time="0.0">
    <ignored/>
  </testcase> <!-- method5 -->
  <testcase classname="TestCases.GroupTest" name="method2" time="0.0">
    <ignored/>
  </testcase> <!-- method2 -->
  <testcase classname="TestCases.GroupTest" name="method3" time="0.0">
    <ignored/>
  </testcase> <!-- method3 -->
  <testcase classname="TestCases.GroupTest" name="method4" time="0.0">
    <ignored/>
  </testcase> <!-- method4 -->
</testsuite> <!-- Test -->
