<?xml version="1.0" encoding="UTF-8"?>
<testng-results ignored="0" total="4" passed="4" failed="0" skipped="0">
  <reporter-output>
  </reporter-output>
  <suite started-at="2022-04-20T15:19:03 IST" name="Default suite" finished-at="2022-04-20T15:19:31 IST" duration-ms="28636">
    <groups>
    </groups>
    <test started-at="2022-04-20T15:19:03 IST" name="Default test" finished-at="2022-04-20T15:19:31 IST" duration-ms="28636">
      <class name="TestCases.LoginPageTest">
        <test-method is-config="true" signature="setup()[pri:0, instance:TestCases.LoginPageTest@3c7f66c4]" started-at="2022-04-20T15:19:03 IST" name="setup" finished-at="2022-04-20T15:19:09 IST" duration-ms="6401" status="PASS">
          <reporter-output>
          </reporter-output>
        </test-method> <!-- setup -->
        <test-method signature="validateKiteLogoTest()[pri:0, instance:TestCases.LoginPageTest@3c7f66c4]" started-at="2022-04-20T15:19:09 IST" name="validateKiteLogoTest" finished-at="2022-04-20T15:19:09 IST" duration-ms="130" status="PASS">
          <reporter-output>
          </reporter-output>
        </test-method> <!-- validateKiteLogoTest -->
        <test-method is-config="true" signature="exit()[pri:0, instance:TestCases.LoginPageTest@3c7f66c4]" started-at="2022-04-20T15:19:09 IST" name="exit" finished-at="2022-04-20T15:19:10 IST" duration-ms="289" status="PASS">
          <reporter-output>
          </reporter-output>
        </test-method> <!-- exit -->
        <test-method is-config="true" signature="setup()[pri:0, instance:TestCases.LoginPageTest@3c7f66c4]" started-at="2022-04-20T15:19:10 IST" name="setup" finished-at="2022-04-20T15:19:14 IST" duration-ms="4183" status="PASS">
          <reporter-output>
          </reporter-output>
        </test-method> <!-- setup -->
        <test-method signature="validatePageTitleTest()[pri:0, instance:TestCases.LoginPageTest@3c7f66c4]" started-at="2022-04-20T15:19:14 IST" name="validatePageTitleTest" finished-at="2022-04-20T15:19:14 IST" duration-ms="13" status="PASS">
          <reporter-output>
          </reporter-output>
        </test-method> <!-- validatePageTitleTest -->
        <test-method is-config="true" signature="exit()[pri:0, instance:TestCases.LoginPageTest@3c7f66c4]" started-at="2022-04-20T15:19:14 IST" name="exit" finished-at="2022-04-20T15:19:14 IST" duration-ms="194" status="PASS">
          <reporter-output>
          </reporter-output>
        </test-method> <!-- exit -->
        <test-method is-config="true" signature="setup()[pri:0, instance:TestCases.LoginPageTest@3c7f66c4]" started-at="2022-04-20T15:19:14 IST" name="setup" finished-at="2022-04-20T15:19:18 IST" duration-ms="4051" status="PASS">
          <reporter-output>
          </reporter-output>
        </test-method> <!-- setup -->
        <test-method signature="validateZerodhaLogoTest()[pri:0, instance:TestCases.LoginPageTest@3c7f66c4]" started-at="2022-04-20T15:19:18 IST" name="validateZerodhaLogoTest" finished-at="2022-04-20T15:19:18 IST" duration-ms="55" status="PASS">
          <reporter-output>
          </reporter-output>
        </test-method> <!-- validateZerodhaLogoTest -->
        <test-method is-config="true" signature="exit()[pri:0, instance:TestCases.LoginPageTest@3c7f66c4]" started-at="2022-04-20T15:19:18 IST" name="exit" finished-at="2022-04-20T15:19:18 IST" duration-ms="241" status="PASS">
          <reporter-output>
          </reporter-output>
        </test-method> <!-- exit -->
        <test-method is-config="true" signature="setup()[pri:0, instance:TestCases.LoginPageTest@3c7f66c4]" started-at="2022-04-20T15:19:18 IST" name="setup" finished-at="2022-04-20T15:19:25 IST" duration-ms="6271" status="PASS">
          <reporter-output>
          </reporter-output>
        </test-method> <!-- setup -->
        <test-method signature="zerodhaLoginAccTest()[pri:0, instance:TestCases.LoginPageTest@3c7f66c4]" started-at="2022-04-20T15:19:25 IST" name="zerodhaLoginAccTest" finished-at="2022-04-20T15:19:31 IST" duration-ms="6593" status="PASS">
          <reporter-output>
          </reporter-output>
        </test-method> <!-- zerodhaLoginAccTest -->
        <test-method is-config="true" signature="exit()[pri:0, instance:TestCases.LoginPageTest@3c7f66c4]" started-at="2022-04-20T15:19:31 IST" name="exit" finished-at="2022-04-20T15:19:31 IST" duration-ms="132" status="PASS">
          <reporter-output>
          </reporter-output>
        </test-method> <!-- exit -->
      </class> <!-- TestCases.LoginPageTest -->
    </test> <!-- Default test -->
  </suite> <!-- Default suite -->
</testng-results>
